2024-06-18 13:20:20.946 [info] Log level: Info
2024-06-18 13:20:20.946 [info] Validating found git in: "git"
2024-06-18 13:20:20.946 [info] Using git "2.44.1" from "git"
2024-06-18 13:20:20.946 [info] > git rev-parse --show-toplevel [22ms]
2024-06-18 13:20:20.948 [info] > git rev-parse --git-dir --git-common-dir [8ms]
2024-06-18 13:20:20.990 [info] Open repository: /home/ixiri
2024-06-18 13:20:21.038 [info] > git rev-parse --show-toplevel [8ms]
2024-06-18 13:20:21.042 [info] > git config --get commit.template [28ms]
2024-06-18 13:20:21.094 [info] No remotes found in the git config file.
2024-06-18 13:20:21.105 [info] > git rev-parse --show-toplevel [44ms]
2024-06-18 13:20:21.111 [info] > git for-each-ref --format=%(refname)%00%(upstream:short)%00%(objectname)%00%(upstream:track)%00%(upstream:remotename)%00%(upstream:remoteref) refs/heads/master refs/remotes/master [20ms]
2024-06-18 13:20:21.112 [warning] No such branch: master.
2024-06-18 13:20:21.196 [info] > git rev-parse --show-toplevel [38ms]
2024-06-18 13:20:21.267 [info] > git rev-parse --show-toplevel [35ms]
2024-06-18 13:20:21.329 [info] > git rev-parse --show-toplevel [8ms]
2024-06-18 13:20:21.383 [info] > git rev-parse --show-toplevel [18ms]
2024-06-18 13:20:21.401 [info] > git rev-parse --show-toplevel [6ms]
2024-06-18 13:20:21.429 [info] > git status -z -uall [285ms]
2024-06-18 13:20:24.563 [info] > git rev-parse --show-toplevel [3149ms]
2024-06-18 13:20:24.576 [info] > git check-ignore -v -z --stdin [2625ms]
2024-06-18 13:20:24.579 [info] > git config --get commit.template [16ms]
2024-06-18 13:20:24.591 [info] > git rev-parse --show-toplevel [17ms]
2024-06-18 13:20:24.605 [info] No remotes found in the git config file.
2024-06-18 13:20:24.619 [info] > git for-each-ref --format=%(refname)%00%(upstream:short)%00%(objectname)%00%(upstream:track)%00%(upstream:remotename)%00%(upstream:remoteref) refs/heads/master refs/remotes/master [14ms]
2024-06-18 13:20:24.619 [warning] No such branch: master.
2024-06-18 13:20:24.632 [info] > git rev-parse --show-toplevel [19ms]
2024-06-18 13:20:24.662 [info] > git rev-parse --show-toplevel [7ms]
2024-06-18 13:20:24.688 [info] > git rev-parse --show-toplevel [6ms]
2024-06-18 13:20:24.717 [info] > git rev-parse --show-toplevel [14ms]
2024-06-18 13:20:24.743 [info] > git status -z -uall [112ms]
2024-06-18 13:20:25.650 [info] > git rev-parse --show-toplevel [913ms]
2024-06-18 13:20:25.667 [info] > git rev-parse --show-toplevel [6ms]
2024-06-18 13:20:25.677 [info] > git rev-parse --show-toplevel [3ms]
2024-06-18 13:20:25.686 [info] > git rev-parse --show-toplevel [2ms]
2024-06-18 13:20:25.696 [info] > git rev-parse --show-toplevel [3ms]
2024-06-18 13:20:27.106 [info] No remotes found in the git config file.
2024-06-18 13:20:27.108 [info] > git config --get commit.template [20ms]
2024-06-18 13:20:27.112 [info] > git for-each-ref --format=%(refname)%00%(upstream:short)%00%(objectname)%00%(upstream:track)%00%(upstream:remotename)%00%(upstream:remoteref) refs/heads/master refs/remotes/master [7ms]
2024-06-18 13:20:27.112 [warning] No such branch: master.
2024-06-18 13:20:27.227 [info] > git status -z -uall [97ms]
2024-06-18 13:20:32.339 [info] No remotes found in the git config file.
2024-06-18 13:20:32.341 [info] > git config --get commit.template [13ms]
2024-06-18 13:20:32.343 [info] > git for-each-ref --format=%(refname)%00%(upstream:short)%00%(objectname)%00%(upstream:track)%00%(upstream:remotename)%00%(upstream:remoteref) refs/heads/master refs/remotes/master [4ms]
2024-06-18 13:20:32.344 [warning] No such branch: master.
2024-06-18 13:20:32.415 [info] > git status -z -uall [62ms]
2024-06-18 13:20:37.607 [info] No remotes found in the git config file.
2024-06-18 13:20:37.610 [info] > git config --get commit.template [21ms]
2024-06-18 13:20:37.613 [info] > git for-each-ref --format=%(refname)%00%(upstream:short)%00%(objectname)%00%(upstream:track)%00%(upstream:remotename)%00%(upstream:remoteref) refs/heads/master refs/remotes/master [6ms]
2024-06-18 13:20:37.613 [warning] No such branch: master.
2024-06-18 13:20:37.720 [info] > git status -z -uall [91ms]
2024-06-18 13:20:42.935 [info] No remotes found in the git config file.
2024-06-18 13:20:42.938 [info] > git config --get commit.template [25ms]
2024-06-18 13:20:42.943 [info] > git for-each-ref --format=%(refname)%00%(upstream:short)%00%(objectname)%00%(upstream:track)%00%(upstream:remotename)%00%(upstream:remoteref) refs/heads/master refs/remotes/master [9ms]
2024-06-18 13:20:42.943 [warning] No such branch: master.
2024-06-18 13:20:43.070 [info] > git status -z -uall [109ms]
2024-06-18 13:20:48.226 [info] No remotes found in the git config file.
2024-06-18 13:20:48.229 [info] > git config --get commit.template [24ms]
2024-06-18 13:20:48.234 [info] > git for-each-ref --format=%(refname)%00%(upstream:short)%00%(objectname)%00%(upstream:track)%00%(upstream:remotename)%00%(upstream:remoteref) refs/heads/master refs/remotes/master [9ms]
2024-06-18 13:20:48.234 [warning] No such branch: master.
2024-06-18 13:20:48.462 [info] > git status -z -uall [197ms]
2024-06-18 13:20:53.630 [info] No remotes found in the git config file.
2024-06-18 13:20:53.633 [info] > git config --get commit.template [21ms]
2024-06-18 13:20:53.637 [info] > git for-each-ref --format=%(refname)%00%(upstream:short)%00%(objectname)%00%(upstream:track)%00%(upstream:remotename)%00%(upstream:remoteref) refs/heads/master refs/remotes/master [7ms]
2024-06-18 13:20:53.637 [warning] No such branch: master.
2024-06-18 13:20:53.738 [info] > git status -z -uall [84ms]
2024-06-18 13:20:58.876 [info] No remotes found in the git config file.
2024-06-18 13:20:58.879 [info] > git config --get commit.template [20ms]
2024-06-18 13:20:58.929 [info] > git for-each-ref --format=%(refname)%00%(upstream:short)%00%(objectname)%00%(upstream:track)%00%(upstream:remotename)%00%(upstream:remoteref) refs/heads/master refs/remotes/master [52ms]
2024-06-18 13:20:58.929 [warning] No such branch: master.
2024-06-18 13:20:59.040 [info] > git status -z -uall [94ms]
2024-06-18 13:21:04.257 [info] No remotes found in the git config file.
2024-06-18 13:21:04.260 [info] > git config --get commit.template [24ms]
2024-06-18 13:21:04.269 [info] > git for-each-ref --format=%(refname)%00%(upstream:short)%00%(objectname)%00%(upstream:track)%00%(upstream:remotename)%00%(upstream:remoteref) refs/heads/master refs/remotes/master [13ms]
2024-06-18 13:21:04.270 [warning] No such branch: master.
2024-06-18 13:21:04.386 [info] > git status -z -uall [100ms]
2024-06-18 13:21:09.589 [info] No remotes found in the git config file.
2024-06-18 13:21:09.592 [info] > git config --get commit.template [21ms]
2024-06-18 13:21:09.682 [info] > git for-each-ref --format=%(refname)%00%(upstream:short)%00%(objectname)%00%(upstream:track)%00%(upstream:remotename)%00%(upstream:remoteref) refs/heads/master refs/remotes/master [93ms]
2024-06-18 13:21:09.682 [warning] No such branch: master.
2024-06-18 13:21:09.788 [info] > git status -z -uall [90ms]
2024-06-18 13:21:15.000 [info] No remotes found in the git config file.
2024-06-18 13:21:15.003 [info] > git config --get commit.template [24ms]
2024-06-18 13:21:15.008 [info] > git for-each-ref --format=%(refname)%00%(upstream:short)%00%(objectname)%00%(upstream:track)%00%(upstream:remotename)%00%(upstream:remoteref) refs/heads/master refs/remotes/master [8ms]
2024-06-18 13:21:15.009 [warning] No such branch: master.
2024-06-18 13:21:15.136 [info] > git status -z -uall [110ms]
2024-06-18 13:21:20.268 [info] No remotes found in the git config file.
2024-06-18 13:21:20.271 [info] > git config --get commit.template [27ms]
2024-06-18 13:21:20.275 [info] > git for-each-ref --format=%(refname)%00%(upstream:short)%00%(objectname)%00%(upstream:track)%00%(upstream:remotename)%00%(upstream:remoteref) refs/heads/master refs/remotes/master [8ms]
2024-06-18 13:21:20.275 [warning] No such branch: master.
2024-06-18 13:21:20.401 [info] > git status -z -uall [107ms]
2024-06-18 13:21:25.624 [info] No remotes found in the git config file.
2024-06-18 13:21:25.627 [info] > git config --get commit.template [23ms]
2024-06-18 13:21:25.632 [info] > git for-each-ref --format=%(refname)%00%(upstream:short)%00%(objectname)%00%(upstream:track)%00%(upstream:remotename)%00%(upstream:remoteref) refs/heads/master refs/remotes/master [9ms]
2024-06-18 13:21:25.633 [warning] No such branch: master.
2024-06-18 13:21:25.754 [info] > git status -z -uall [102ms]
2024-06-18 13:21:30.873 [info] No remotes found in the git config file.
2024-06-18 13:21:30.877 [info] > git config --get commit.template [20ms]
2024-06-18 13:21:31.063 [info] > git for-each-ref --format=%(refname)%00%(upstream:short)%00%(objectname)%00%(upstream:track)%00%(upstream:remotename)%00%(upstream:remoteref) refs/heads/master refs/remotes/master [190ms]
2024-06-18 13:21:31.063 [warning] No such branch: master.
2024-06-18 13:21:31.186 [info] > git status -z -uall [106ms]
2024-06-18 13:21:36.387 [info] No remotes found in the git config file.
2024-06-18 13:21:36.392 [info] > git config --get commit.template [28ms]
2024-06-18 13:21:36.395 [info] > git for-each-ref --format=%(refname)%00%(upstream:short)%00%(objectname)%00%(upstream:track)%00%(upstream:remotename)%00%(upstream:remoteref) refs/heads/master refs/remotes/master [9ms]
2024-06-18 13:21:36.395 [warning] No such branch: master.
2024-06-18 13:21:36.505 [info] > git status -z -uall [92ms]
2024-06-18 13:21:41.611 [info] No remotes found in the git config file.
2024-06-18 13:21:41.613 [info] > git config --get commit.template [11ms]
2024-06-18 13:21:41.799 [info] > git for-each-ref --format=%(refname)%00%(upstream:short)%00%(objectname)%00%(upstream:track)%00%(upstream:remotename)%00%(upstream:remoteref) refs/heads/master refs/remotes/master [188ms]
2024-06-18 13:21:41.800 [warning] No such branch: master.
2024-06-18 13:21:41.902 [info] > git status -z -uall [88ms]
2024-06-18 13:21:47.109 [info] No remotes found in the git config file.
2024-06-18 13:21:47.112 [info] > git config --get commit.template [26ms]
2024-06-18 13:21:47.117 [info] > git for-each-ref --format=%(refname)%00%(upstream:short)%00%(objectname)%00%(upstream:track)%00%(upstream:remotename)%00%(upstream:remoteref) refs/heads/master refs/remotes/master [8ms]
2024-06-18 13:21:47.117 [warning] No such branch: master.
2024-06-18 13:21:47.236 [info] > git status -z -uall [101ms]
2024-06-18 13:21:52.454 [info] No remotes found in the git config file.
2024-06-18 13:21:52.457 [info] > git config --get commit.template [33ms]
2024-06-18 13:21:52.462 [info] > git for-each-ref --format=%(refname)%00%(upstream:short)%00%(objectname)%00%(upstream:track)%00%(upstream:remotename)%00%(upstream:remoteref) refs/heads/master refs/remotes/master [9ms]
2024-06-18 13:21:52.462 [warning] No such branch: master.
2024-06-18 13:21:52.570 [info] > git status -z -uall [91ms]
2024-06-18 13:21:57.743 [info] No remotes found in the git config file.
2024-06-18 13:21:57.745 [info] > git config --get commit.template [22ms]
2024-06-18 13:21:57.751 [info] > git for-each-ref --format=%(refname)%00%(upstream:short)%00%(objectname)%00%(upstream:track)%00%(upstream:remotename)%00%(upstream:remoteref) refs/heads/master refs/remotes/master [8ms]
2024-06-18 13:21:57.751 [warning] No such branch: master.
2024-06-18 13:21:57.872 [info] > git status -z -uall [103ms]
2024-06-18 13:22:02.992 [info] No remotes found in the git config file.
2024-06-18 13:22:02.995 [info] > git config --get commit.template [21ms]
2024-06-18 13:22:02.999 [info] > git for-each-ref --format=%(refname)%00%(upstream:short)%00%(objectname)%00%(upstream:track)%00%(upstream:remotename)%00%(upstream:remoteref) refs/heads/master refs/remotes/master [7ms]
2024-06-18 13:22:02.999 [warning] No such branch: master.
2024-06-18 13:22:03.112 [info] > git status -z -uall [97ms]
2024-06-18 13:22:08.332 [info] No remotes found in the git config file.
2024-06-18 13:22:08.336 [info] > git config --get commit.template [32ms]
2024-06-18 13:22:08.344 [info] > git for-each-ref --format=%(refname)%00%(upstream:short)%00%(objectname)%00%(upstream:track)%00%(upstream:remotename)%00%(upstream:remoteref) refs/heads/master refs/remotes/master [13ms]
2024-06-18 13:22:08.344 [warning] No such branch: master.
2024-06-18 13:22:08.492 [info] > git status -z -uall [113ms]
2024-06-18 13:22:13.645 [info] No remotes found in the git config file.
2024-06-18 13:22:13.650 [info] > git config --get commit.template [29ms]
2024-06-18 13:22:13.653 [info] > git for-each-ref --format=%(refname)%00%(upstream:short)%00%(objectname)%00%(upstream:track)%00%(upstream:remotename)%00%(upstream:remoteref) refs/heads/master refs/remotes/master [9ms]
2024-06-18 13:22:13.654 [warning] No such branch: master.
2024-06-18 13:22:13.753 [info] > git check-ignore -v -z --stdin [14ms]
2024-06-18 13:22:13.882 [info] > git status -z -uall [203ms]
2024-06-18 13:22:15.140 [info] > git show --textconv :.gitignore [26ms]
2024-06-18 13:22:15.140 [info] > git ls-files --stage -- /home/ixiri/.gitignore [15ms]
2024-06-18 13:22:19.108 [info] No remotes found in the git config file.
2024-06-18 13:22:19.111 [info] > git config --get commit.template [29ms]
2024-06-18 13:22:19.116 [info] > git for-each-ref --format=%(refname)%00%(upstream:short)%00%(objectname)%00%(upstream:track)%00%(upstream:remotename)%00%(upstream:remoteref) refs/heads/master refs/remotes/master [9ms]
2024-06-18 13:22:19.116 [warning] No such branch: master.
2024-06-18 13:22:19.288 [info] > git status -z -uall [149ms]
2024-06-18 13:22:20.782 [info] > git check-ignore -v -z --stdin [11ms]
2024-06-18 13:22:23.083 [info] > git check-ignore -v -z --stdin [3ms]
2024-06-18 13:22:25.041 [info] No remotes found in the git config file.
2024-06-18 13:22:25.044 [info] > git config --get commit.template [23ms]
2024-06-18 13:22:25.049 [info] > git for-each-ref --format=%(refname)%00%(upstream:short)%00%(objectname)%00%(upstream:track)%00%(upstream:remotename)%00%(upstream:remoteref) refs/heads/master refs/remotes/master [8ms]
2024-06-18 13:22:25.049 [warning] No such branch: master.
2024-06-18 13:22:25.188 [info] > git status -z -uall [120ms]
2024-06-18 13:22:26.656 [info] > git check-ignore -v -z --stdin [8ms]
2024-06-18 13:22:28.026 [info] > git check-ignore -v -z --stdin [17ms]
2024-06-18 13:22:29.848 [info] > git check-ignore -v -z --stdin [8ms]
2024-06-18 13:22:30.754 [info] No remotes found in the git config file.
2024-06-18 13:22:30.757 [info] > git config --get commit.template [25ms]
2024-06-18 13:22:30.762 [info] > git for-each-ref --format=%(refname)%00%(upstream:short)%00%(objectname)%00%(upstream:track)%00%(upstream:remotename)%00%(upstream:remoteref) refs/heads/master refs/remotes/master [8ms]
2024-06-18 13:22:30.762 [warning] No such branch: master.
2024-06-18 13:22:30.889 [info] > git status -z -uall [107ms]
2024-06-18 13:23:17.486 [info] No remotes found in the git config file.
2024-06-18 13:23:17.489 [info] > git config --get commit.template [18ms]
2024-06-18 13:23:17.490 [info] > git for-each-ref --format=%(refname)%00%(upstream:short)%00%(objectname)%00%(upstream:track)%00%(upstream:remotename)%00%(upstream:remoteref) refs/heads/master refs/remotes/master [4ms]
2024-06-18 13:23:17.490 [warning] No such branch: master.
2024-06-18 13:23:17.571 [info] > git status -z -uall [69ms]
2024-06-18 13:23:22.806 [info] No remotes found in the git config file.
2024-06-18 13:23:22.810 [info] > git config --get commit.template [35ms]
2024-06-18 13:23:22.816 [info] > git for-each-ref --format=%(refname)%00%(upstream:short)%00%(objectname)%00%(upstream:track)%00%(upstream:remotename)%00%(upstream:remoteref) refs/heads/master refs/remotes/master [11ms]
2024-06-18 13:23:22.816 [warning] No such branch: master.
2024-06-18 13:23:22.985 [info] > git status -z -uall [148ms]
2024-06-18 13:23:23.981 [info] > git check-ignore -v -z --stdin [801ms]
2024-06-18 13:23:28.232 [info] No remotes found in the git config file.
2024-06-18 13:23:28.236 [info] > git config --get commit.template [36ms]
2024-06-18 13:23:28.243 [info] > git for-each-ref --format=%(refname)%00%(upstream:short)%00%(objectname)%00%(upstream:track)%00%(upstream:remotename)%00%(upstream:remoteref) refs/heads/master refs/remotes/master [11ms]
2024-06-18 13:23:28.244 [warning] No such branch: master.
2024-06-18 13:23:28.470 [info] > git status -z -uall [199ms]
2024-06-18 13:23:29.509 [info] > git check-ignore -v -z --stdin [888ms]
2024-06-18 13:23:30.771 [info] > git check-ignore -v -z --stdin [7ms]
